TN:
SF:src/modules/appointments/services/CreateAppointmentService.ts
FN:40,CreateAppointmentService
FN:45,Object.<anonymous>.CreateAppointmentService.execute
FNF:2
FNH:2
FNDA:2,CreateAppointmentService
FNDA:3,Object.<anonymous>.CreateAppointmentService.execute
DA:1,1
DA:2,1
DA:3,1
DA:4,1
DA:5,1
DA:6,1
DA:7,1
DA:8,1
DA:9,1
DA:10,1
DA:11,1
DA:12,1
DA:13,1
DA:14,1
DA:15,1
DA:16,1
DA:17,1
DA:18,1
DA:19,1
DA:20,1
DA:21,1
DA:22,1
DA:23,1
DA:24,1
DA:25,1
DA:26,1
DA:27,1
DA:28,1
DA:29,1
DA:30,1
DA:31,1
DA:32,1
DA:33,1
DA:34,1
DA:35,1
DA:36,1
DA:37,1
DA:38,1
DA:39,1
DA:40,1
DA:41,2
DA:42,2
DA:43,2
DA:44,1
DA:45,1
DA:46,3
DA:47,3
DA:48,3
DA:49,3
DA:50,3
DA:51,3
DA:52,3
DA:53,3
DA:54,3
DA:55,3
DA:56,1
DA:57,1
DA:58,2
DA:59,2
DA:60,2
DA:61,2
DA:62,2
DA:63,3
DA:64,3
DA:65,3
DA:66,1
DA:67,1
DA:68,1
LF:68
LH:68
BRDA:39,0,0,1
BRDA:40,1,0,2
BRDA:45,2,0,3
BRDA:55,3,0,1
BRDA:58,4,0,2
BRF:5
BRH:5
end_of_record
TN:
SF:src/modules/users/services/AuthenticateUserService.ts
FN:23,AuthenticateUserService
FN:29,Object.<anonymous>.AuthenticateUserService.execute
FNF:2
FNH:2
FNDA:3,AuthenticateUserService
FNDA:3,Object.<anonymous>.AuthenticateUserService.execute
DA:1,1
DA:2,1
DA:3,1
DA:4,1
DA:5,1
DA:6,1
DA:7,1
DA:8,1
DA:9,1
DA:10,1
DA:11,1
DA:12,1
DA:13,1
DA:14,1
DA:15,1
DA:16,1
DA:17,1
DA:18,1
DA:19,1
DA:20,1
DA:21,1
DA:22,1
DA:23,1
DA:24,3
DA:25,3
DA:26,3
DA:27,3
DA:28,1
DA:29,1
DA:30,3
DA:31,3
DA:32,3
DA:33,3
DA:34,3
DA:35,3
DA:36,1
DA:37,1
DA:38,2
DA:39,2
DA:40,2
DA:41,2
DA:42,2
DA:43,3
DA:44,3
DA:45,1
DA:46,1
DA:47,1
DA:48,1
DA:49,1
DA:50,1
DA:51,1
DA:52,1
DA:53,1
DA:54,1
DA:55,1
DA:56,1
DA:57,1
DA:58,1
DA:59,3
DA:60,1
DA:61,1
DA:62,1
LF:62
LH:62
BRDA:22,0,0,1
BRDA:23,1,0,3
BRDA:29,2,0,3
BRDA:33,3,0,3
BRDA:35,4,0,1
BRDA:38,5,0,2
BRDA:44,6,0,1
BRF:7
BRH:7
end_of_record
TN:
SF:src/modules/users/services/CreateUserService.ts
FN:11,CreateUserService
FN:17,Object.<anonymous>.CreateUserService.execute
FNF:2
FNH:2
FNDA:4,CreateUserService
FNDA:5,Object.<anonymous>.CreateUserService.execute
DA:1,1
DA:2,1
DA:3,1
DA:4,1
DA:5,1
DA:6,1
DA:7,1
DA:8,1
DA:9,1
DA:10,2
DA:11,2
DA:12,4
DA:13,4
DA:14,4
DA:15,4
DA:16,2
DA:17,2
DA:18,5
DA:19,5
DA:20,5
DA:21,5
DA:22,5
DA:23,5
DA:24,5
DA:25,4
DA:26,4
DA:27,5
DA:28,5
DA:29,5
DA:30,5
DA:31,5
DA:32,5
DA:33,5
DA:34,5
DA:35,5
DA:36,5
DA:37,5
DA:38,2
LF:38
LH:38
BRDA:10,0,0,2
BRDA:11,1,0,4
BRDA:17,2,0,5
BRDA:22,3,0,5
BRDA:24,4,0,1
BRDA:25,5,0,4
BRF:6
BRH:6
end_of_record
TN:
SF:src/modules/users/services/UpdateUserAvatarService.ts
FN:14,UpdateUserAvatarService
FN:20,Object.<anonymous>.UpdateUserAvatarService.execute
FNF:2
FNH:2
FNDA:3,UpdateUserAvatarService
FNDA:4,Object.<anonymous>.UpdateUserAvatarService.execute
DA:1,1
DA:2,1
DA:3,1
DA:4,1
DA:5,1
DA:6,1
DA:7,1
DA:8,1
DA:9,1
DA:10,1
DA:11,1
DA:12,1
DA:13,1
DA:14,1
DA:15,3
DA:16,3
DA:17,3
DA:18,3
DA:19,1
DA:20,1
DA:21,4
DA:22,4
DA:23,4
DA:24,4
DA:25,4
DA:26,4
DA:27,1
DA:28,1
DA:29,3
DA:30,3
DA:31,1
DA:32,4
DA:33,4
DA:34,4
DA:35,4
DA:36,4
DA:37,4
DA:38,4
DA:39,4
DA:40,4
DA:41,4
DA:42,1
LF:42
LH:42
BRDA:13,0,0,1
BRDA:14,1,0,3
BRDA:20,2,0,4
BRDA:24,3,0,4
BRDA:26,4,0,1
BRDA:29,5,0,3
BRDA:30,6,0,2
BRDA:30,7,0,1
BRDA:34,8,0,3
BRF:9
BRH:9
end_of_record
